<?xml version="1.0" encoding="UTF-8"?>
<!-- Generated by org.testng.reporters.JUnitReportReporter -->
<testsuite hostname="Satheesh" name="pagetests.MergeLead" tests="1" failures="0" timestamp="29 Dec 2017 11:33:11 GMT" time="45.192" errors="0">
  <testcase name="mergeLead" time="45.192" classname="pagetests.MergeLead"/>
</testsuite> <!-- pagetests.MergeLead -->
