<?xml version="1.0" encoding="UTF-8"?>
<!-- Generated by org.testng.reporters.JUnitReportReporter -->
<testsuite hostname="Satheesh" name="reportdataprovider.CreateLead" tests="2" failures="0" timestamp="7 Dec 2017 03:56:06 GMT" time="67.795" errors="0">
  <testcase name="createdlead1" time="35.989" classname="reportdataprovider.CreateLead"/>
  <testcase name="createdlead1" time="31.806" classname="reportdataprovider.CreateLead"/>
</testsuite> <!-- reportdataprovider.CreateLead -->
