<?xml version="1.0" encoding="UTF-8"?>
<!-- Generated by org.testng.reporters.JUnitReportReporter -->
<testsuite skipped="0" hostname="compaq-PC" name="pagetests.EditLead" tests="2" failures="0" timestamp="13 Dec 2017 09:54:55 GMT" time="104.987" errors="0">
  <testcase name="editLead" time="44.952" classname="pagetests.EditLead"/>
  <testcase name="editLead" time="60.035" classname="pagetests.EditLead"/>
</testsuite> <!-- pagetests.EditLead -->
