<?xml version="1.0" encoding="UTF-8"?>
<!-- Generated by org.testng.reporters.JUnitReportReporter -->
<testsuite skipped="0" hostname="compaq-PC" name="testcases.CreateLead" tests="2" failures="0" timestamp="06 Dec 2017 04:30:54 GMT" time="153.794" errors="0">
  <testcase name="creatLead" time="66.017" classname="testcases.CreateLead"/>
  <testcase name="creatLead" time="87.777" classname="testcases.CreateLead"/>
</testsuite> <!-- testcases.CreateLead -->
