<?xml version="1.0" encoding="UTF-8"?>
<!-- Generated by org.testng.reporters.JUnitReportReporter -->
<testsuite hostname="Satheesh" name="pagetests.EditLead" tests="2" failures="0" timestamp="13 Dec 2017 10:16:20 GMT" time="78.798" errors="0">
  <testcase name="editLead" time="39.875" classname="pagetests.EditLead"/>
  <testcase name="editLead" time="38.923" classname="pagetests.EditLead"/>
</testsuite> <!-- pagetests.EditLead -->
